epoch: 0, iteration: 0, perplexity: 19.462634442867092
epoch: 0, iteration: 0, perplexity: 5.564791275404222
epoch: 1, iteration: 0, perplexity: 5.510808661773423
epoch: 2, iteration: 0, perplexity: 5.530943953390077
epoch: 0, iteration: 0, perplexity: 296.580449274266
epoch: 1, iteration: 0, perplexity: 10.1960132561385
epoch: 2, iteration: 0, perplexity: 10.754581296092473
epoch: 0, iteration: 0, perplexity: inf
epoch: 0, iteration: 0, perplexity: inf
epoch: 1, iteration: 0, perplexity: inf
epoch: 2, iteration: 0, perplexity: inf
epoch: 0, iteration: 0, perplexity: 1489.4759521484375
epoch: 0, iteration: 10000, perplexity: 1072.5556640625
epoch: 1, iteration: 0, perplexity: 1092.45849609375
epoch: 0, iteration: 0, perplexity: 11334.220703125
epoch: 1, iteration: 0, perplexity: 7793.2392578125
epoch: 2, iteration: 0, perplexity: 7884.080078125
epoch: 3, iteration: 0, perplexity: 7976.47705078125
epoch: 4, iteration: 0, perplexity: 7937.3056640625
epoch: 5, iteration: 0, perplexity: 7888.806640625
epoch: 6, iteration: 0, perplexity: 7889.27734375
epoch: 7, iteration: 0, perplexity: 7887.1669921875
epoch: 0, iteration: 0, perplexity: 3890.560546875
epoch: 0, iteration: 0, perplexity: 4122.92919921875
epoch: 1, iteration: 0, perplexity: 3115.499755859375
epoch: 2, iteration: 0, perplexity: 3135.12109375
epoch: 3, iteration: 0, perplexity: 3217.2958984375
epoch: 4, iteration: 0, perplexity: 3244.754638671875
epoch: 0, iteration: 0, perplexity: 8014.0390625
epoch: 1, iteration: 0, perplexity: 5206.9326171875
epoch: 2, iteration: 0, perplexity: 5236.0029296875
epoch: 3, iteration: 0, perplexity: 5311.48046875
epoch: 4, iteration: 0, perplexity: 5309.07763671875
epoch: 0, iteration: 0, perplexity: 7488.5751953125
epoch: 1, iteration: 0, perplexity: 5861.5673828125
epoch: 2, iteration: 0, perplexity: 5883.48583984375
epoch: 3, iteration: 0, perplexity: 5961.58837890625
epoch: 4, iteration: 0, perplexity: 5979.9443359375
epoch: 0, iteration: 0, perplexity: 5313.30517578125
epoch: 1, iteration: 0, perplexity: 3891.48486328125
epoch: 2, iteration: 0, perplexity: 4195.09326171875
epoch: 3, iteration: 0, perplexity: 4223.505859375
epoch: 4, iteration: 0, perplexity: 4134.6220703125
epoch: 0, iteration: 0, perplexity: 4519.79931640625
epoch: 0, iteration: 0, perplexity: 516.3894653320312
epoch: 0, iteration: 10000, perplexity: 536.2095336914062
epoch: 0, iteration: 0, perplexity: 527.0349731445312
